[0915/085033.412:ERROR:process_reader_win.cc(151)] SuspendThread: 存取被拒。 (0x5)
[0915/085033.451:ERROR:process_reader_win.cc(123)] NtOpenThread: 指定不正確的用戶端識別碼。 (0xc000000b)
[0915/085033.451:ERROR:exception_snapshot_win.cc(99)] thread ID 12752 not found in process
[0915/085033.452:ERROR:scoped_process_suspend.cc(40)] NtResumeProcess: 嘗試存取現有的處理程序。 (0xc000010a)
[0915/085150.713:ERROR:process_reader_win.cc(123)] NtOpenThread: {拒絕存取} 程序已請求存取一物件，但未被授與存取權。 (0xc0000022)
[0915/085150.714:ERROR:exception_snapshot_win.cc(99)] thread ID 13788 not found in process
[0915/085150.736:ERROR:process_reader_win.cc(123)] NtOpenThread: {拒絕存取} 程序已請求存取一物件，但未被授與存取權。 (0xc0000022)
[0915/085150.737:ERROR:exception_snapshot_win.cc(99)] thread ID 4988 not found in process
[0915/085229.276:ERROR:process_reader_win.cc(123)] NtOpenThread: {拒絕存取} 程序已請求存取一物件，但未被授與存取權。 (0xc0000022)
[0915/085229.277:ERROR:exception_snapshot_win.cc(99)] thread ID 11228 not found in process
[0915/085229.302:ERROR:process_reader_win.cc(123)] NtOpenThread: {拒絕存取} 程序已請求存取一物件，但未被授與存取權。 (0xc0000022)
[0915/085229.302:ERROR:exception_snapshot_win.cc(99)] thread ID 19772 not found in process
[0915/085723.704:ERROR:process_reader_win.cc(123)] NtOpenThread: {拒絕存取} 程序已請求存取一物件，但未被授與存取權。 (0xc0000022)
[0915/085723.704:ERROR:exception_snapshot_win.cc(99)] thread ID 5092 not found in process
[0915/085723.750:ERROR:process_reader_win.cc(123)] NtOpenThread: {拒絕存取} 程序已請求存取一物件，但未被授與存取權。 (0xc0000022)
[0915/085723.750:ERROR:exception_snapshot_win.cc(99)] thread ID 17528 not found in process
[0915/090420.068:ERROR:process_reader_win.cc(123)] NtOpenThread: {拒絕存取} 程序已請求存取一物件，但未被授與存取權。 (0xc0000022)
[0915/090420.069:ERROR:exception_snapshot_win.cc(99)] thread ID 3280 not found in process
[0915/090420.084:ERROR:process_reader_win.cc(123)] NtOpenThread: {拒絕存取} 程序已請求存取一物件，但未被授與存取權。 (0xc0000022)
[0915/090420.084:ERROR:exception_snapshot_win.cc(99)] thread ID 19864 not found in process
